  [1m[35m (0.1ms)[0m  [1m[34mSELECT sqlite_version(*)[0m
  โณ /home/yurimgo/.rbenv/versions/2.5.1/bin/rake:23
  [1m[35m (28.4ms)[0m  [1m[35mCREATE TABLE "schema_migrations" ("version" varchar NOT NULL PRIMARY KEY)[0m
  โณ /home/yurimgo/.rbenv/versions/2.5.1/bin/rake:23
  [1m[35m (23.4ms)[0m  [1m[35mCREATE TABLE "ar_internal_metadata" ("key" varchar NOT NULL PRIMARY KEY, "value" varchar, "created_at" datetime NOT NULL, "updated_at" datetime NOT NULL)[0m
  โณ /home/yurimgo/.rbenv/versions/2.5.1/bin/rake:23
  [1m[35m (1.6ms)[0m  [1m[34mSELECT "schema_migrations"."version" FROM "schema_migrations" ORDER BY "schema_migrations"."version" ASC[0m
  โณ /home/yurimgo/.rbenv/versions/2.5.1/bin/rake:23
Migrating to CreatePosts (20181030091056)
  [1m[35m (0.1ms)[0m  [1m[36mbegin transaction[0m
  โณ /home/yurimgo/.rbenv/versions/2.5.1/bin/rake:23
  [1m[35m (4.3ms)[0m  [1m[35mCREATE TABLE "posts" ("id" integer PRIMARY KEY AUTOINCREMENT NOT NULL, "title" varchar, "content" text, "created_at" datetime NOT NULL, "updated_at" datetime NOT NULL)[0m
  โณ db/migrate/20181030091056_create_posts.rb:3
  [1m[36mActiveRecord::SchemaMigration Create (0.6ms)[0m  [1m[32mINSERT INTO "schema_migrations" ("version") VALUES (?)[0m  [["version", "20181030091056"]]
  โณ /home/yurimgo/.rbenv/versions/2.5.1/bin/rake:23
  [1m[35m (23.5ms)[0m  [1m[36mcommit transaction[0m
  โณ /home/yurimgo/.rbenv/versions/2.5.1/bin/rake:23
Migrating to DeviseCreateUsers (20181030100757)
  [1m[35m (0.1ms)[0m  [1m[36mbegin transaction[0m
  โณ /home/yurimgo/.rbenv/versions/2.5.1/bin/rake:23
  [1m[35m (3.1ms)[0m  [1m[35mCREATE TABLE "users" ("id" integer PRIMARY KEY AUTOINCREMENT NOT NULL, "email" varchar DEFAULT '' NOT NULL, "encrypted_password" varchar DEFAULT '' NOT NULL, "name" varchar, "nickname" varchar, "reset_password_token" varchar, "reset_password_sent_at" datetime, "remember_created_at" datetime, "created_at" datetime NOT NULL, "updated_at" datetime NOT NULL)[0m
  โณ db/migrate/20181030100757_devise_create_users.rb:5
  [1m[35m (0.3ms)[0m  [1m[35mCREATE UNIQUE INDEX "index_users_on_email" ON "users" ("email")[0m
  โณ db/migrate/20181030100757_devise_create_users.rb:41
  [1m[35m (0.2ms)[0m  [1m[35mCREATE UNIQUE INDEX "index_users_on_reset_password_token" ON "users" ("reset_password_token")[0m
  โณ db/migrate/20181030100757_devise_create_users.rb:42
  [1m[36mActiveRecord::SchemaMigration Create (0.4ms)[0m  [1m[32mINSERT INTO "schema_migrations" ("version") VALUES (?)[0m  [["version", "20181030100757"]]
  โณ /home/yurimgo/.rbenv/versions/2.5.1/bin/rake:23
  [1m[35m (25.0ms)[0m  [1m[36mcommit transaction[0m
  โณ /home/yurimgo/.rbenv/versions/2.5.1/bin/rake:23
  [1m[36mActiveRecord::InternalMetadata Load (0.6ms)[0m  [1m[34mSELECT  "ar_internal_metadata".* FROM "ar_internal_metadata" WHERE "ar_internal_metadata"."key" = ? LIMIT ?[0m  [["key", "environment"], ["LIMIT", 1]]
  โณ /home/yurimgo/.rbenv/versions/2.5.1/bin/rake:23
  [1m[35m (0.1ms)[0m  [1m[36mbegin transaction[0m
  โณ /home/yurimgo/.rbenv/versions/2.5.1/bin/rake:23
  [1m[36mActiveRecord::InternalMetadata Create (3.0ms)[0m  [1m[32mINSERT INTO "ar_internal_metadata" ("key", "value", "created_at", "updated_at") VALUES (?, ?, ?, ?)[0m  [["key", "environment"], ["value", "development"], ["created_at", "2018-11-06 09:55:54.171380"], ["updated_at", "2018-11-06 09:55:54.171380"]]
  โณ /home/yurimgo/.rbenv/versions/2.5.1/bin/rake:23
  [1m[35m (28.0ms)[0m  [1m[36mcommit transaction[0m
  โณ /home/yurimgo/.rbenv/versions/2.5.1/bin/rake:23
  [1m[35m (0.4ms)[0m  [1m[34mSELECT "schema_migrations"."version" FROM "schema_migrations" ORDER BY "schema_migrations"."version" ASC[0m
  โณ /home/yurimgo/.rbenv/versions/2.5.1/bin/rake:23
  [1m[35m (0.5ms)[0m  [1m[34mSELECT "schema_migrations"."version" FROM "schema_migrations" ORDER BY "schema_migrations"."version" ASC[0m
  โณ /home/yurimgo/.rbenv/versions/2.5.1/bin/rake:23
  [1m[35m (0.6ms)[0m  [1m[34mSELECT "ar_internal_metadata"."value" FROM "ar_internal_metadata" WHERE "ar_internal_metadata"."key" = ?[0m  [["key", "environment"]]
  โณ /home/yurimgo/.rbenv/versions/2.5.1/bin/rake:23
  [1m[35m (0.4ms)[0m  [1m[34mSELECT "schema_migrations"."version" FROM "schema_migrations" ORDER BY "schema_migrations"."version" ASC[0m
  โณ /home/yurimgo/.rbenv/versions/2.5.1/bin/rake:23
  [1m[35m (0.4ms)[0m  [1m[34mSELECT "ar_internal_metadata"."value" FROM "ar_internal_metadata" WHERE "ar_internal_metadata"."key" = ?[0m  [["key", "environment"]]
  โณ /home/yurimgo/.rbenv/versions/2.5.1/bin/rake:23
  [1m[35m (0.3ms)[0m  [1m[34mSELECT "schema_migrations"."version" FROM "schema_migrations" ORDER BY "schema_migrations"."version" ASC[0m
  โณ /home/yurimgo/.rbenv/versions/2.5.1/bin/rake:23
  [1m[35m (0.4ms)[0m  [1m[34mSELECT "ar_internal_metadata"."value" FROM "ar_internal_metadata" WHERE "ar_internal_metadata"."key" = ?[0m  [["key", "environment"]]
  โณ /home/yurimgo/.rbenv/versions/2.5.1/bin/rake:23
  [1m[35m (0.2ms)[0m  [1m[34mSELECT sqlite_version(*)[0m
  โณ /home/yurimgo/.rbenv/versions/2.5.1/bin/rake:23
  [1m[35m (40.5ms)[0m  [1m[35mCREATE TABLE "schema_migrations" ("version" varchar NOT NULL PRIMARY KEY)[0m
  โณ /home/yurimgo/.rbenv/versions/2.5.1/bin/rake:23
  [1m[35m (32.1ms)[0m  [1m[35mCREATE TABLE "ar_internal_metadata" ("key" varchar NOT NULL PRIMARY KEY, "value" varchar, "created_at" datetime NOT NULL, "updated_at" datetime NOT NULL)[0m
  โณ /home/yurimgo/.rbenv/versions/2.5.1/bin/rake:23
  [1m[35m (0.6ms)[0m  [1m[34mSELECT "schema_migrations"."version" FROM "schema_migrations" ORDER BY "schema_migrations"."version" ASC[0m
  โณ /home/yurimgo/.rbenv/versions/2.5.1/bin/rake:23
Migrating to CreatePosts (20181030091056)
  [1m[35m (0.1ms)[0m  [1m[36mbegin transaction[0m
  โณ /home/yurimgo/.rbenv/versions/2.5.1/bin/rake:23
  [1m[35m (4.3ms)[0m  [1m[35mCREATE TABLE "posts" ("id" integer PRIMARY KEY AUTOINCREMENT NOT NULL, "title" varchar, "content" text, "image" varchar, "user_id" integer, "created_at" datetime NOT NULL, "updated_at" datetime NOT NULL)[0m
  โณ db/migrate/20181030091056_create_posts.rb:3
  [1m[35m (0.2ms)[0m  [1m[35mCREATE  INDEX "index_posts_on_user_id" ON "posts" ("user_id")[0m
  โณ db/migrate/20181030091056_create_posts.rb:3
  [1m[36mActiveRecord::SchemaMigration Create (0.7ms)[0m  [1m[32mINSERT INTO "schema_migrations" ("version") VALUES (?)[0m  [["version", "20181030091056"]]
  โณ /home/yurimgo/.rbenv/versions/2.5.1/bin/rake:23
  [1m[35m (28.7ms)[0m  [1m[36mcommit transaction[0m
  โณ /home/yurimgo/.rbenv/versions/2.5.1/bin/rake:23
Migrating to DeviseCreateUsers (20181030100757)
  [1m[35m (0.1ms)[0m  [1m[36mbegin transaction[0m
  โณ /home/yurimgo/.rbenv/versions/2.5.1/bin/rake:23
  [1m[35m (4.0ms)[0m  [1m[35mCREATE TABLE "users" ("id" integer PRIMARY KEY AUTOINCREMENT NOT NULL, "email" varchar DEFAULT '' NOT NULL, "encrypted_password" varchar DEFAULT '' NOT NULL, "name" varchar, "nickname" varchar, "reset_password_token" varchar, "reset_password_sent_at" datetime, "remember_created_at" datetime, "created_at" datetime NOT NULL, "updated_at" datetime NOT NULL)[0m
  โณ db/migrate/20181030100757_devise_create_users.rb:5
  [1m[35m (0.2ms)[0m  [1m[35mCREATE UNIQUE INDEX "index_users_on_email" ON "users" ("email")[0m
  โณ db/migrate/20181030100757_devise_create_users.rb:41
  [1m[35m (0.2ms)[0m  [1m[35mCREATE UNIQUE INDEX "index_users_on_reset_password_token" ON "users" ("reset_password_token")[0m
  โณ db/migrate/20181030100757_devise_create_users.rb:42
  [1m[36mActiveRecord::SchemaMigration Create (0.5ms)[0m  [1m[32mINSERT INTO "schema_migrations" ("version") VALUES (?)[0m  [["version", "20181030100757"]]
  โณ /home/yurimgo/.rbenv/versions/2.5.1/bin/rake:23
  [1m[35m (23.2ms)[0m  [1m[36mcommit transaction[0m
  โณ /home/yurimgo/.rbenv/versions/2.5.1/bin/rake:23
  [1m[36mActiveRecord::InternalMetadata Load (0.5ms)[0m  [1m[34mSELECT  "ar_internal_metadata".* FROM "ar_internal_metadata" WHERE "ar_internal_metadata"."key" = ? LIMIT ?[0m  [["key", "environment"], ["LIMIT", 1]]
  โณ /home/yurimgo/.rbenv/versions/2.5.1/bin/rake:23
  [1m[35m (0.1ms)[0m  [1m[36mbegin transaction[0m
  โณ /home/yurimgo/.rbenv/versions/2.5.1/bin/rake:23
  [1m[36mActiveRecord::InternalMetadata Create (3.0ms)[0m  [1m[32mINSERT INTO "ar_internal_metadata" ("key", "value", "created_at", "updated_at") VALUES (?, ?, ?, ?)[0m  [["key", "environment"], ["value", "development"], ["created_at", "2018-11-06 09:57:25.042502"], ["updated_at", "2018-11-06 09:57:25.042502"]]
  โณ /home/yurimgo/.rbenv/versions/2.5.1/bin/rake:23
  [1m[35m (22.5ms)[0m  [1m[36mcommit transaction[0m
  โณ /home/yurimgo/.rbenv/versions/2.5.1/bin/rake:23
  [1m[35m (0.4ms)[0m  [1m[34mSELECT "schema_migrations"."version" FROM "schema_migrations" ORDER BY "schema_migrations"."version" ASC[0m
  โณ /home/yurimgo/.rbenv/versions/2.5.1/bin/rake:23
Started GET "/" for 127.0.0.1 at 2018-11-06 19:17:07 +0900
  [1m[35m (2.9ms)[0m  [1m[34mSELECT "schema_migrations"."version" FROM "schema_migrations" ORDER BY "schema_migrations"."version" ASC[0m
  โณ /home/yurimgo/.rbenv/versions/2.5.1/lib/ruby/gems/2.5.0/gems/activerecord-5.2.1/lib/active_record/log_subscriber.rb:98
  
ActiveRecord::PendingMigrationError (

Migrations are pending. To resolve this issue, run:

        bin/rails db:migrate RAILS_ENV=development

):
  
activerecord (5.2.1) lib/active_record/migration.rb:579:in `check_pending!'
activerecord (5.2.1) lib/active_record/migration.rb:556:in `call'
actionpack (5.2.1) lib/action_dispatch/middleware/callbacks.rb:28:in `block in call'
activesupport (5.2.1) lib/active_support/callbacks.rb:98:in `run_callbacks'
actionpack (5.2.1) lib/action_dispatch/middleware/callbacks.rb:26:in `call'
actionpack (5.2.1) lib/action_dispatch/middleware/executor.rb:14:in `call'
actionpack (5.2.1) lib/action_dispatch/middleware/debug_exceptions.rb:61:in `call'
web-console (3.7.0) lib/web_console/middleware.rb:135:in `call_app'
web-console (3.7.0) lib/web_console/middleware.rb:30:in `block in call'
web-console (3.7.0) lib/web_console/middleware.rb:20:in `catch'
web-console (3.7.0) lib/web_console/middleware.rb:20:in `call'
actionpack (5.2.1) lib/action_dispatch/middleware/show_exceptions.rb:33:in `call'
railties (5.2.1) lib/rails/rack/logger.rb:38:in `call_app'
railties (5.2.1) lib/rails/rack/logger.rb:26:in `block in call'
activesupport (5.2.1) lib/active_support/tagged_logging.rb:71:in `block in tagged'
activesupport (5.2.1) lib/active_support/tagged_logging.rb:28:in `tagged'
activesupport (5.2.1) lib/active_support/tagged_logging.rb:71:in `tagged'
railties (5.2.1) lib/rails/rack/logger.rb:26:in `call'
sprockets-rails (3.2.1) lib/sprockets/rails/quiet_assets.rb:13:in `call'
actionpack (5.2.1) lib/action_dispatch/middleware/remote_ip.rb:81:in `call'
actionpack (5.2.1) lib/action_dispatch/middleware/request_id.rb:27:in `call'
rack (2.0.5) lib/rack/method_override.rb:22:in `call'
rack (2.0.5) lib/rack/runtime.rb:22:in `call'
activesupport (5.2.1) lib/active_support/cache/strategy/local_cache_middleware.rb:29:in `call'
actionpack (5.2.1) lib/action_dispatch/middleware/executor.rb:14:in `call'
actionpack (5.2.1) lib/action_dispatch/middleware/static.rb:127:in `call'
rack (2.0.5) lib/rack/sendfile.rb:111:in `call'
railties (5.2.1) lib/rails/engine.rb:524:in `call'
puma (3.12.0) lib/puma/configuration.rb:225:in `call'
puma (3.12.0) lib/puma/server.rb:658:in `handle_request'
puma (3.12.0) lib/puma/server.rb:472:in `process_client'
puma (3.12.0) lib/puma/server.rb:332:in `block in run'
puma (3.12.0) lib/puma/thread_pool.rb:133:in `block in spawn_thread'
  [1m[35m (0.5ms)[0m  [1m[34mSELECT "schema_migrations"."version" FROM "schema_migrations" ORDER BY "schema_migrations"."version" ASC[0m
  โณ /home/yurimgo/.rbenv/versions/2.5.1/bin/rake:23
Migrating to CreateLikes (20181106100509)
  [1m[35m (0.1ms)[0m  [1m[36mbegin transaction[0m
  โณ /home/yurimgo/.rbenv/versions/2.5.1/bin/rake:23
  [1m[35m (0.1ms)[0m  [1m[34mSELECT sqlite_version(*)[0m
  โณ db/migrate/20181106100509_create_likes.rb:3
  [1m[35m (3.1ms)[0m  [1m[35mCREATE TABLE "likes" ("id" integer PRIMARY KEY AUTOINCREMENT NOT NULL, "post_id" integer, "user_id" integer, "created_at" datetime NOT NULL, "updated_at" datetime NOT NULL, CONSTRAINT "fk_rails_87a8aac469"
FOREIGN KEY ("post_id")
  REFERENCES "posts" ("id")
, CONSTRAINT "fk_rails_1e09b5dabf"
FOREIGN KEY ("user_id")
  REFERENCES "users" ("id")
)[0m
  โณ db/migrate/20181106100509_create_likes.rb:3
  [1m[35m (0.2ms)[0m  [1m[35mCREATE  INDEX "index_likes_on_post_id" ON "likes" ("post_id")[0m
  โณ db/migrate/20181106100509_create_likes.rb:3
  [1m[35m (0.1ms)[0m  [1m[35mCREATE  INDEX "index_likes_on_user_id" ON "likes" ("user_id")[0m
  โณ db/migrate/20181106100509_create_likes.rb:3
  [1m[36mActiveRecord::SchemaMigration Create (0.4ms)[0m  [1m[32mINSERT INTO "schema_migrations" ("version") VALUES (?)[0m  [["version", "20181106100509"]]
  โณ /home/yurimgo/.rbenv/versions/2.5.1/bin/rake:23
  [1m[35m (25.5ms)[0m  [1m[36mcommit transaction[0m
  โณ /home/yurimgo/.rbenv/versions/2.5.1/bin/rake:23
  [1m[36mActiveRecord::InternalMetadata Load (0.5ms)[0m  [1m[34mSELECT  "ar_internal_metadata".* FROM "ar_internal_metadata" WHERE "ar_internal_metadata"."key" = ? LIMIT ?[0m  [["key", "environment"], ["LIMIT", 1]]
  โณ /home/yurimgo/.rbenv/versions/2.5.1/bin/rake:23
  [1m[35m (0.1ms)[0m  [1m[36mbegin transaction[0m
  โณ /home/yurimgo/.rbenv/versions/2.5.1/bin/rake:23
  [1m[35m (0.1ms)[0m  [1m[36mcommit transaction[0m
  โณ /home/yurimgo/.rbenv/versions/2.5.1/bin/rake:23
  [1m[35m (0.4ms)[0m  [1m[34mSELECT "schema_migrations"."version" FROM "schema_migrations" ORDER BY "schema_migrations"."version" ASC[0m
  โณ /home/yurimgo/.rbenv/versions/2.5.1/bin/rake:23
Started GET "/" for 127.0.0.1 at 2018-11-06 19:19:04 +0900
  [1m[35m (0.6ms)[0m  [1m[34mSELECT "schema_migrations"."version" FROM "schema_migrations" ORDER BY "schema_migrations"."version" ASC[0m
  โณ /home/yurimgo/.rbenv/versions/2.5.1/lib/ruby/gems/2.5.0/gems/activerecord-5.2.1/lib/active_record/log_subscriber.rb:98
Processing by PostsController#index as HTML
  Rendering posts/index.html.erb within layouts/application
  [1m[36mPost Load (0.7ms)[0m  [1m[34mSELECT "posts".* FROM "posts"[0m
  โณ app/views/posts/index.html.erb:1
  Rendered posts/index.html.erb within layouts/application (12.5ms)
Completed 200 OK in 1559ms (Views: 1430.0ms | ActiveRecord: 3.5ms)


Started GET "/posts/new" for 127.0.0.1 at 2018-11-06 19:19:11 +0900
Processing by PostsController#new as HTML
  Parameters: {"excep"=>[:show]}
  Rendering posts/new.html.erb within layouts/application
  Rendered posts/_form.html.erb (320.6ms)
  Rendered posts/new.html.erb within layouts/application (327.3ms)
Completed 200 OK in 424ms (Views: 401.6ms | ActiveRecord: 3.7ms)


Started GET "/posts/new" for 127.0.0.1 at 2018-11-06 19:21:17 +0900
Processing by PostsController#new as HTML
  Parameters: {"excep"=>[:show]}
  Rendering posts/new.html.erb within layouts/application
  Rendered posts/_form.html.erb (2.4ms)
  Rendered posts/new.html.erb within layouts/application (8.7ms)
Completed 200 OK in 81ms (Views: 74.4ms | ActiveRecord: 0.0ms)


Started GET "/posts" for 127.0.0.1 at 2018-11-06 19:21:20 +0900
Processing by PostsController#index as HTML
  Parameters: {"excep"=>[:show]}
  Rendering posts/index.html.erb within layouts/application
  [1m[36mPost Load (0.6ms)[0m  [1m[34mSELECT "posts".* FROM "posts"[0m
  โณ app/views/posts/index.html.erb:1
  Rendered posts/index.html.erb within layouts/application (43.3ms)
Completed 500 Internal Server Error in 75ms (ActiveRecord: 0.6ms)


  
ActionView::Template::Error (undefined method `sign_in?' for nil:NilClass):
    3: <% end %>
    4: 
    5: <br>
    6: <% if current_user.sign_in? %>
    7: 	<%= link_to 'New Post', new_post_path %>
    8: <%else%>
    9: 	<p>๋ก๊ทธ์ธ ํ์</p>
  
app/views/posts/index.html.erb:6:in `_app_views_posts_index_html_erb__2755851331056349883_69880057691900'
Started GET "/posts" for 127.0.0.1 at 2018-11-06 19:22:08 +0900
Processing by PostsController#index as HTML
  Parameters: {"excep"=>[:show]}
  Rendering posts/index.html.erb within layouts/application
  [1m[36mPost Load (0.6ms)[0m  [1m[34mSELECT "posts".* FROM "posts"[0m
  โณ app/views/posts/index.html.erb:1
  Rendered posts/index.html.erb within layouts/application (4.1ms)
Completed 200 OK in 79ms (Views: 72.9ms | ActiveRecord: 0.6ms)


Started GET "/users/sign_up" for 127.0.0.1 at 2018-11-06 19:22:22 +0900
Processing by Devise::RegistrationsController#new as HTML
  Rendering /home/yurimgo/.rbenv/versions/2.5.1/lib/ruby/gems/2.5.0/gems/devise-4.5.0/app/views/devise/registrations/new.html.erb within layouts/application
  Rendered /home/yurimgo/.rbenv/versions/2.5.1/lib/ruby/gems/2.5.0/gems/devise-4.5.0/app/views/devise/shared/_links.html.erb (1.6ms)
  Rendered /home/yurimgo/.rbenv/versions/2.5.1/lib/ruby/gems/2.5.0/gems/devise-4.5.0/app/views/devise/registrations/new.html.erb within layouts/application (209.7ms)
Completed 200 OK in 407ms (Views: 346.1ms | ActiveRecord: 2.8ms)


Started POST "/users" for 127.0.0.1 at 2018-11-06 19:22:33 +0900
Processing by Devise::RegistrationsController#create as HTML
  Parameters: {"utf8"=>"โ", "authenticity_token"=>"agz37Z3zxvEMe+9gQDmxUY3OjDfCVIVSbtKUi5wTpSO+R7MII1/Khd5CYW+KJA1SC/4xGhl7iUGLORaqAm6MDQ==", "user"=>{"email"=>"qpeijty1@gmail.com", "password"=>"[FILTERED]", "password_confirmation"=>"[FILTERED]"}, "commit"=>"Sign up"}
  [1m[35m (0.1ms)[0m  [1m[36mbegin transaction[0m
  โณ /home/yurimgo/.rbenv/versions/2.5.1/lib/ruby/gems/2.5.0/gems/activerecord-5.2.1/lib/active_record/log_subscriber.rb:98
  [1m[36mUser Exists (0.6ms)[0m  [1m[34mSELECT  1 AS one FROM "users" WHERE "users"."email" = ? LIMIT ?[0m  [["email", "qpeijty1@gmail.com"], ["LIMIT", 1]]
  โณ /home/yurimgo/.rbenv/versions/2.5.1/lib/ruby/gems/2.5.0/gems/activerecord-5.2.1/lib/active_record/log_subscriber.rb:98
  [1m[36mUser Create (9.7ms)[0m  [1m[32mINSERT INTO "users" ("email", "encrypted_password", "created_at", "updated_at") VALUES (?, ?, ?, ?)[0m  [["email", "qpeijty1@gmail.com"], ["encrypted_password", "$2a$11$WYfi5Q2NB4oqE4ACW57LleVaZw3zoxj4nWyrMvmHRRNh7JYRkMuj6"], ["created_at", "2018-11-06 10:22:33.692708"], ["updated_at", "2018-11-06 10:22:33.692708"]]
  โณ /home/yurimgo/.rbenv/versions/2.5.1/lib/ruby/gems/2.5.0/gems/activerecord-5.2.1/lib/active_record/log_subscriber.rb:98
  [1m[35m (30.1ms)[0m  [1m[36mcommit transaction[0m
  โณ /home/yurimgo/.rbenv/versions/2.5.1/lib/ruby/gems/2.5.0/gems/activerecord-5.2.1/lib/active_record/log_subscriber.rb:98
Redirected to http://localhost:3000/
Completed 302 Found in 390ms (ActiveRecord: 40.6ms)


Started GET "/" for 127.0.0.1 at 2018-11-06 19:22:33 +0900
Processing by PostsController#index as HTML
  Rendering posts/index.html.erb within layouts/application
  [1m[36mPost Load (0.5ms)[0m  [1m[34mSELECT "posts".* FROM "posts"[0m
  โณ app/views/posts/index.html.erb:1
  [1m[36mUser Load (0.5ms)[0m  [1m[34mSELECT  "users".* FROM "users" WHERE "users"."id" = ? ORDER BY "users"."id" ASC LIMIT ?[0m  [["id", 1], ["LIMIT", 1]]
  โณ app/views/posts/index.html.erb:6
  Rendered posts/index.html.erb within layouts/application (7.8ms)
Completed 200 OK in 75ms (Views: 68.9ms | ActiveRecord: 1.0ms)


Started GET "/posts/new" for 127.0.0.1 at 2018-11-06 19:22:35 +0900
Processing by PostsController#new as HTML
  Parameters: {"excep"=>[:show]}
  Rendering posts/new.html.erb within layouts/application
  Rendered posts/_form.html.erb (3.1ms)
  Rendered posts/new.html.erb within layouts/application (10.4ms)
Completed 200 OK in 100ms (Views: 92.4ms | ActiveRecord: 0.0ms)


Started POST "/posts" for 127.0.0.1 at 2018-11-06 19:22:41 +0900
Processing by PostsController#create as HTML
  Parameters: {"utf8"=>"โ", "authenticity_token"=>"TgzmnC4pA7dR/EA9HRtgkABCuPDk/SF5TJi6bgZ1VYUJUy4ADiy/rWt7upkQHXh/ePFmqEiLQj0RshUPW2Tbow==", "post"=>{"title"=>"sdfg", "content"=>"sdfgsdg"}, "commit"=>"Create Post", "excep"=>[:show]}
  [1m[36mUser Load (0.8ms)[0m  [1m[34mSELECT  "users".* FROM "users" WHERE "users"."id" = ? ORDER BY "users"."id" ASC LIMIT ?[0m  [["id", 1], ["LIMIT", 1]]
  โณ app/controllers/posts_controller.rb:72
Unpermitted parameter: :user_id
  [1m[35m (0.1ms)[0m  [1m[36mbegin transaction[0m
  โณ app/controllers/posts_controller.rb:30
  [1m[35m (0.1ms)[0m  [1m[31mrollback transaction[0m
  โณ app/controllers/posts_controller.rb:30
  Rendering posts/new.html.erb within layouts/application
  Rendered posts/_form.html.erb (2.7ms)
  Rendered posts/new.html.erb within layouts/application (8.6ms)
Completed 200 OK in 175ms (Views: 80.5ms | ActiveRecord: 1.0ms)


Started GET "/posts" for 127.0.0.1 at 2018-11-06 19:25:45 +0900
Processing by PostsController#index as HTML
  Parameters: {"excep"=>[:show]}
  Rendering posts/index.html.erb within layouts/application
  [1m[36mPost Load (0.6ms)[0m  [1m[34mSELECT "posts".* FROM "posts"[0m
  โณ app/views/posts/index.html.erb:1
  [1m[36mUser Load (0.6ms)[0m  [1m[34mSELECT  "users".* FROM "users" WHERE "users"."id" = ? ORDER BY "users"."id" ASC LIMIT ?[0m  [["id", 1], ["LIMIT", 1]]
  โณ app/views/posts/index.html.erb:6
  Rendered posts/index.html.erb within layouts/application (28.2ms)
Completed 200 OK in 178ms (Views: 147.6ms | ActiveRecord: 5.1ms)


Started GET "/posts/new" for 127.0.0.1 at 2018-11-06 19:25:47 +0900
Processing by PostsController#new as HTML
  Parameters: {"excep"=>[:show]}
  Rendering posts/new.html.erb within layouts/application
  Rendered posts/_form.html.erb (3.0ms)
  Rendered posts/new.html.erb within layouts/application (26.3ms)
Completed 200 OK in 123ms (Views: 94.3ms | ActiveRecord: 2.1ms)


Started POST "/posts" for 127.0.0.1 at 2018-11-06 19:25:52 +0900
Processing by PostsController#create as HTML
  Parameters: {"utf8"=>"โ", "authenticity_token"=>"OOIsFhTAKzkFc3DfOewQ9Ao8zrPs8jKK7N5FTB19hFp/veSKNMWXIz/0ins06ggbco8Q60CEUc6x9OotQGwKfA==", "post"=>{"title"=>"sdfsd", "content"=>"asdfdf"}, "commit"=>"Create Post", "excep"=>[:show]}
  [1m[36mUser Load (1.4ms)[0m  [1m[34mSELECT  "users".* FROM "users" WHERE "users"."id" = ? ORDER BY "users"."id" ASC LIMIT ?[0m  [["id", 1], ["LIMIT", 1]]
  โณ app/controllers/posts_controller.rb:72
  [1m[35m (0.1ms)[0m  [1m[36mbegin transaction[0m
  โณ app/controllers/posts_controller.rb:30
  [1m[36mUser Load (0.7ms)[0m  [1m[34mSELECT  "users".* FROM "users" WHERE "users"."id" = ? LIMIT ?[0m  [["id", 1], ["LIMIT", 1]]
  โณ app/controllers/posts_controller.rb:30
  [1m[36mPost Create (4.5ms)[0m  [1m[32mINSERT INTO "posts" ("title", "content", "user_id", "created_at", "updated_at") VALUES (?, ?, ?, ?, ?)[0m  [["title", "sdfsd"], ["content", "asdfdf"], ["user_id", 1], ["created_at", "2018-11-06 10:25:52.731867"], ["updated_at", "2018-11-06 10:25:52.731867"]]
  โณ app/controllers/posts_controller.rb:30
  [1m[35m (29.1ms)[0m  [1m[36mcommit transaction[0m
  โณ app/controllers/posts_controller.rb:30
Redirected to http://localhost:3000/posts/1
Completed 302 Found in 118ms (ActiveRecord: 35.7ms)


Started GET "/posts/1" for 127.0.0.1 at 2018-11-06 19:25:52 +0900
Processing by PostsController#show as HTML
  Parameters: {"excep"=>[:show], "id"=>"1"}
  [1m[36mPost Load (0.5ms)[0m  [1m[34mSELECT  "posts".* FROM "posts" WHERE "posts"."id" = ? LIMIT ?[0m  [["id", 1], ["LIMIT", 1]]
  โณ app/controllers/posts_controller.rb:67
  Rendering posts/show.html.erb within layouts/application
  Rendered posts/show.html.erb within layouts/application (1.2ms)
Completed 200 OK in 79ms (Views: 62.4ms | ActiveRecord: 0.5ms)


Started GET "/posts" for 127.0.0.1 at 2018-11-06 19:25:54 +0900
Processing by PostsController#index as HTML
  Parameters: {"excep"=>[:show]}
  Rendering posts/index.html.erb within layouts/application
  [1m[36mPost Load (0.7ms)[0m  [1m[34mSELECT "posts".* FROM "posts"[0m
  โณ app/views/posts/index.html.erb:1
  [1m[36mUser Load (0.5ms)[0m  [1m[34mSELECT  "users".* FROM "users" WHERE "users"."id" = ? LIMIT ?[0m  [["id", 1], ["LIMIT", 1]]
  โณ app/views/posts/_post.html.erb:3
  [1m[35m (0.5ms)[0m  [1m[34mSELECT COUNT(*) FROM "likes" WHERE "likes"."post_id" = ?[0m  [["post_id", 1]]
  โณ app/views/posts/_post.html.erb:8
  [1m[36mUser Load (0.5ms)[0m  [1m[34mSELECT  "users".* FROM "users" WHERE "users"."id" = ? ORDER BY "users"."id" ASC LIMIT ?[0m  [["id", 1], ["LIMIT", 1]]
  โณ app/views/posts/_post.html.erb:9
  [1m[36mLike Load (0.6ms)[0m  [1m[34mSELECT  "likes".* FROM "likes" WHERE "likes"."user_id" = ? AND "likes"."post_id" = ? LIMIT ?[0m  [["user_id", 1], ["post_id", 1], ["LIMIT", 1]]
  โณ app/models/user.rb:10
  Rendered posts/_post.html.erb (99.6ms)
  Rendered posts/index.html.erb within layouts/application (111.2ms)
Completed 200 OK in 183ms (Views: 171.2ms | ActiveRecord: 3.8ms)


Started POST "/posts/1/like" for 127.0.0.1 at 2018-11-06 19:25:56 +0900
  
SyntaxError (/mnt/c/HoneyDuk/app/controllers/likes_controller.rb:4: syntax error, unexpected ':', expecting ')'
				   post_id: params[:post_id])
				          ^
/mnt/c/HoneyDuk/app/controllers/likes_controller.rb:4: syntax error, unexpected ')', expecting keyword_end
...		   post_id: params[:post_id])
...		                            ^
/mnt/c/HoneyDuk/app/controllers/likes_controller.rb:8: syntax error, unexpected tIDENTIFIER, expecting ')'
...	    post_id: params[:post_id]_
...	                             ^):
  
app/controllers/likes_controller.rb:4: syntax error, unexpected ':', expecting ')'
app/controllers/likes_controller.rb:4: syntax error, unexpected ')', expecting keyword_end
app/controllers/likes_controller.rb:8: syntax error, unexpected tIDENTIFIER, expecting ')'
Started POST "/posts/1/like" for 127.0.0.1 at 2018-11-06 19:26:29 +0900
  
AbstractController::ActionNotFound (The action 'like_toggle' could not be found for LikesController):
  
actionpack (5.2.1) lib/abstract_controller/base.rb:129:in `process'
actionview (5.2.1) lib/action_view/rendering.rb:32:in `process'
actionpack (5.2.1) lib/action_controller/metal.rb:191:in `dispatch'
actionpack (5.2.1) lib/action_controller/metal.rb:252:in `dispatch'
actionpack (5.2.1) lib/action_dispatch/routing/route_set.rb:52:in `dispatch'
actionpack (5.2.1) lib/action_dispatch/routing/route_set.rb:34:in `serve'
actionpack (5.2.1) lib/action_dispatch/journey/router.rb:52:in `block in serve'
actionpack (5.2.1) lib/action_dispatch/journey/router.rb:35:in `each'
actionpack (5.2.1) lib/action_dispatch/journey/router.rb:35:in `serve'
actionpack (5.2.1) lib/action_dispatch/routing/route_set.rb:840:in `call'
warden (1.2.7) lib/warden/manager.rb:36:in `block in call'
warden (1.2.7) lib/warden/manager.rb:35:in `catch'
warden (1.2.7) lib/warden/manager.rb:35:in `call'
rack (2.0.5) lib/rack/tempfile_reaper.rb:15:in `call'
rack (2.0.5) lib/rack/etag.rb:25:in `call'
rack (2.0.5) lib/rack/conditional_get.rb:38:in `call'
rack (2.0.5) lib/rack/head.rb:12:in `call'
actionpack (5.2.1) lib/action_dispatch/http/content_security_policy.rb:18:in `call'
rack (2.0.5) lib/rack/session/abstract/id.rb:232:in `context'
rack (2.0.5) lib/rack/session/abstract/id.rb:226:in `call'
actionpack (5.2.1) lib/action_dispatch/middleware/cookies.rb:670:in `call'
activerecord (5.2.1) lib/active_record/migration.rb:559:in `call'
actionpack (5.2.1) lib/action_dispatch/middleware/callbacks.rb:28:in `block in call'
activesupport (5.2.1) lib/active_support/callbacks.rb:98:in `run_callbacks'
actionpack (5.2.1) lib/action_dispatch/middleware/callbacks.rb:26:in `call'
actionpack (5.2.1) lib/action_dispatch/middleware/executor.rb:14:in `call'
actionpack (5.2.1) lib/action_dispatch/middleware/debug_exceptions.rb:61:in `call'
web-console (3.7.0) lib/web_console/middleware.rb:135:in `call_app'
web-console (3.7.0) lib/web_console/middleware.rb:30:in `block in call'
web-console (3.7.0) lib/web_console/middleware.rb:20:in `catch'
web-console (3.7.0) lib/web_console/middleware.rb:20:in `call'
actionpack (5.2.1) lib/action_dispatch/middleware/show_exceptions.rb:33:in `call'
railties (5.2.1) lib/rails/rack/logger.rb:38:in `call_app'
railties (5.2.1) lib/rails/rack/logger.rb:26:in `block in call'
activesupport (5.2.1) lib/active_support/tagged_logging.rb:71:in `block in tagged'
activesupport (5.2.1) lib/active_support/tagged_logging.rb:28:in `tagged'
activesupport (5.2.1) lib/active_support/tagged_logging.rb:71:in `tagged'
railties (5.2.1) lib/rails/rack/logger.rb:26:in `call'
sprockets-rails (3.2.1) lib/sprockets/rails/quiet_assets.rb:13:in `call'
actionpack (5.2.1) lib/action_dispatch/middleware/remote_ip.rb:81:in `call'
actionpack (5.2.1) lib/action_dispatch/middleware/request_id.rb:27:in `call'
rack (2.0.5) lib/rack/method_override.rb:22:in `call'
rack (2.0.5) lib/rack/runtime.rb:22:in `call'
activesupport (5.2.1) lib/active_support/cache/strategy/local_cache_middleware.rb:29:in `call'
actionpack (5.2.1) lib/action_dispatch/middleware/executor.rb:14:in `call'
actionpack (5.2.1) lib/action_dispatch/middleware/static.rb:127:in `call'
rack (2.0.5) lib/rack/sendfile.rb:111:in `call'
railties (5.2.1) lib/rails/engine.rb:524:in `call'
puma (3.12.0) lib/puma/configuration.rb:225:in `call'
puma (3.12.0) lib/puma/server.rb:658:in `handle_request'
puma (3.12.0) lib/puma/server.rb:472:in `process_client'
puma (3.12.0) lib/puma/server.rb:332:in `block in run'
puma (3.12.0) lib/puma/thread_pool.rb:133:in `block in spawn_thread'
Started POST "/posts/1/like" for 127.0.0.1 at 2018-11-06 19:26:31 +0900
  
AbstractController::ActionNotFound (The action 'like_toggle' could not be found for LikesController):
  
actionpack (5.2.1) lib/abstract_controller/base.rb:129:in `process'
actionview (5.2.1) lib/action_view/rendering.rb:32:in `process'
actionpack (5.2.1) lib/action_controller/metal.rb:191:in `dispatch'
actionpack (5.2.1) lib/action_controller/metal.rb:252:in `dispatch'
actionpack (5.2.1) lib/action_dispatch/routing/route_set.rb:52:in `dispatch'
actionpack (5.2.1) lib/action_dispatch/routing/route_set.rb:34:in `serve'
actionpack (5.2.1) lib/action_dispatch/journey/router.rb:52:in `block in serve'
actionpack (5.2.1) lib/action_dispatch/journey/router.rb:35:in `each'
actionpack (5.2.1) lib/action_dispatch/journey/router.rb:35:in `serve'
actionpack (5.2.1) lib/action_dispatch/routing/route_set.rb:840:in `call'
warden (1.2.7) lib/warden/manager.rb:36:in `block in call'
warden (1.2.7) lib/warden/manager.rb:35:in `catch'
warden (1.2.7) lib/warden/manager.rb:35:in `call'
rack (2.0.5) lib/rack/tempfile_reaper.rb:15:in `call'
rack (2.0.5) lib/rack/etag.rb:25:in `call'
rack (2.0.5) lib/rack/conditional_get.rb:38:in `call'
rack (2.0.5) lib/rack/head.rb:12:in `call'
actionpack (5.2.1) lib/action_dispatch/http/content_security_policy.rb:18:in `call'
rack (2.0.5) lib/rack/session/abstract/id.rb:232:in `context'
rack (2.0.5) lib/rack/session/abstract/id.rb:226:in `call'
actionpack (5.2.1) lib/action_dispatch/middleware/cookies.rb:670:in `call'
activerecord (5.2.1) lib/active_record/migration.rb:559:in `call'
actionpack (5.2.1) lib/action_dispatch/middleware/callbacks.rb:28:in `block in call'
activesupport (5.2.1) lib/active_support/callbacks.rb:98:in `run_callbacks'
actionpack (5.2.1) lib/action_dispatch/middleware/callbacks.rb:26:in `call'
actionpack (5.2.1) lib/action_dispatch/middleware/executor.rb:14:in `call'
actionpack (5.2.1) lib/action_dispatch/middleware/debug_exceptions.rb:61:in `call'
web-console (3.7.0) lib/web_console/middleware.rb:135:in `call_app'
web-console (3.7.0) lib/web_console/middleware.rb:30:in `block in call'
web-console (3.7.0) lib/web_console/middleware.rb:20:in `catch'
web-console (3.7.0) lib/web_console/middleware.rb:20:in `call'
actionpack (5.2.1) lib/action_dispatch/middleware/show_exceptions.rb:33:in `call'
railties (5.2.1) lib/rails/rack/logger.rb:38:in `call_app'
railties (5.2.1) lib/rails/rack/logger.rb:26:in `block in call'
activesupport (5.2.1) lib/active_support/tagged_logging.rb:71:in `block in tagged'
activesupport (5.2.1) lib/active_support/tagged_logging.rb:28:in `tagged'
activesupport (5.2.1) lib/active_support/tagged_logging.rb:71:in `tagged'
railties (5.2.1) lib/rails/rack/logger.rb:26:in `call'
sprockets-rails (3.2.1) lib/sprockets/rails/quiet_assets.rb:13:in `call'
actionpack (5.2.1) lib/action_dispatch/middleware/remote_ip.rb:81:in `call'
actionpack (5.2.1) lib/action_dispatch/middleware/request_id.rb:27:in `call'
rack (2.0.5) lib/rack/method_override.rb:22:in `call'
rack (2.0.5) lib/rack/runtime.rb:22:in `call'
activesupport (5.2.1) lib/active_support/cache/strategy/local_cache_middleware.rb:29:in `call'
actionpack (5.2.1) lib/action_dispatch/middleware/executor.rb:14:in `call'
actionpack (5.2.1) lib/action_dispatch/middleware/static.rb:127:in `call'
rack (2.0.5) lib/rack/sendfile.rb:111:in `call'
railties (5.2.1) lib/rails/engine.rb:524:in `call'
puma (3.12.0) lib/puma/configuration.rb:225:in `call'
puma (3.12.0) lib/puma/server.rb:658:in `handle_request'
puma (3.12.0) lib/puma/server.rb:472:in `process_client'
puma (3.12.0) lib/puma/server.rb:332:in `block in run'
puma (3.12.0) lib/puma/thread_pool.rb:133:in `block in spawn_thread'
Started POST "/posts/1/like" for 127.0.0.1 at 2018-11-06 19:26:34 +0900
  
AbstractController::ActionNotFound (The action 'like_toggle' could not be found for LikesController):
  
actionpack (5.2.1) lib/abstract_controller/base.rb:129:in `process'
actionview (5.2.1) lib/action_view/rendering.rb:32:in `process'
actionpack (5.2.1) lib/action_controller/metal.rb:191:in `dispatch'
actionpack (5.2.1) lib/action_controller/metal.rb:252:in `dispatch'
actionpack (5.2.1) lib/action_dispatch/routing/route_set.rb:52:in `dispatch'
actionpack (5.2.1) lib/action_dispatch/routing/route_set.rb:34:in `serve'
actionpack (5.2.1) lib/action_dispatch/journey/router.rb:52:in `block in serve'
actionpack (5.2.1) lib/action_dispatch/journey/router.rb:35:in `each'
actionpack (5.2.1) lib/action_dispatch/journey/router.rb:35:in `serve'
actionpack (5.2.1) lib/action_dispatch/routing/route_set.rb:840:in `call'
warden (1.2.7) lib/warden/manager.rb:36:in `block in call'
warden (1.2.7) lib/warden/manager.rb:35:in `catch'
warden (1.2.7) lib/warden/manager.rb:35:in `call'
rack (2.0.5) lib/rack/tempfile_reaper.rb:15:in `call'
rack (2.0.5) lib/rack/etag.rb:25:in `call'
rack (2.0.5) lib/rack/conditional_get.rb:38:in `call'
rack (2.0.5) lib/rack/head.rb:12:in `call'
actionpack (5.2.1) lib/action_dispatch/http/content_security_policy.rb:18:in `call'
rack (2.0.5) lib/rack/session/abstract/id.rb:232:in `context'
rack (2.0.5) lib/rack/session/abstract/id.rb:226:in `call'
actionpack (5.2.1) lib/action_dispatch/middleware/cookies.rb:670:in `call'
activerecord (5.2.1) lib/active_record/migration.rb:559:in `call'
actionpack (5.2.1) lib/action_dispatch/middleware/callbacks.rb:28:in `block in call'
activesupport (5.2.1) lib/active_support/callbacks.rb:98:in `run_callbacks'
actionpack (5.2.1) lib/action_dispatch/middleware/callbacks.rb:26:in `call'
actionpack (5.2.1) lib/action_dispatch/middleware/executor.rb:14:in `call'
actionpack (5.2.1) lib/action_dispatch/middleware/debug_exceptions.rb:61:in `call'
web-console (3.7.0) lib/web_console/middleware.rb:135:in `call_app'
web-console (3.7.0) lib/web_console/middleware.rb:30:in `block in call'
web-console (3.7.0) lib/web_console/middleware.rb:20:in `catch'
web-console (3.7.0) lib/web_console/middleware.rb:20:in `call'
actionpack (5.2.1) lib/action_dispatch/middleware/show_exceptions.rb:33:in `call'
railties (5.2.1) lib/rails/rack/logger.rb:38:in `call_app'
railties (5.2.1) lib/rails/rack/logger.rb:26:in `block in call'
activesupport (5.2.1) lib/active_support/tagged_logging.rb:71:in `block in tagged'
activesupport (5.2.1) lib/active_support/tagged_logging.rb:28:in `tagged'
activesupport (5.2.1) lib/active_support/tagged_logging.rb:71:in `tagged'
railties (5.2.1) lib/rails/rack/logger.rb:26:in `call'
sprockets-rails (3.2.1) lib/sprockets/rails/quiet_assets.rb:13:in `call'
actionpack (5.2.1) lib/action_dispatch/middleware/remote_ip.rb:81:in `call'
actionpack (5.2.1) lib/action_dispatch/middleware/request_id.rb:27:in `call'
rack (2.0.5) lib/rack/method_override.rb:22:in `call'
rack (2.0.5) lib/rack/runtime.rb:22:in `call'
activesupport (5.2.1) lib/active_support/cache/strategy/local_cache_middleware.rb:29:in `call'
actionpack (5.2.1) lib/action_dispatch/middleware/executor.rb:14:in `call'
actionpack (5.2.1) lib/action_dispatch/middleware/static.rb:127:in `call'
rack (2.0.5) lib/rack/sendfile.rb:111:in `call'
railties (5.2.1) lib/rails/engine.rb:524:in `call'
puma (3.12.0) lib/puma/configuration.rb:225:in `call'
puma (3.12.0) lib/puma/server.rb:658:in `handle_request'
puma (3.12.0) lib/puma/server.rb:472:in `process_client'
puma (3.12.0) lib/puma/server.rb:332:in `block in run'
puma (3.12.0) lib/puma/thread_pool.rb:133:in `block in spawn_thread'
Started GET "/posts/" for 127.0.0.1 at 2018-11-06 19:26:41 +0900
Processing by PostsController#index as HTML
  Parameters: {"excep"=>[:show]}
  Rendering posts/index.html.erb within layouts/application
  [1m[36mPost Load (0.6ms)[0m  [1m[34mSELECT "posts".* FROM "posts"[0m
  โณ app/views/posts/index.html.erb:1
  [1m[36mUser Load (0.7ms)[0m  [1m[34mSELECT  "users".* FROM "users" WHERE "users"."id" = ? LIMIT ?[0m  [["id", 1], ["LIMIT", 1]]
  โณ app/views/posts/_post.html.erb:3
  [1m[35m (0.5ms)[0m  [1m[34mSELECT COUNT(*) FROM "likes" WHERE "likes"."post_id" = ?[0m  [["post_id", 1]]
  โณ app/views/posts/_post.html.erb:8
  [1m[36mUser Load (0.6ms)[0m  [1m[34mSELECT  "users".* FROM "users" WHERE "users"."id" = ? ORDER BY "users"."id" ASC LIMIT ?[0m  [["id", 1], ["LIMIT", 1]]
  โณ app/views/posts/_post.html.erb:9
  [1m[36mLike Load (0.9ms)[0m  [1m[34mSELECT  "likes".* FROM "likes" WHERE "likes"."user_id" = ? AND "likes"."post_id" = ? LIMIT ?[0m  [["user_id", 1], ["post_id", 1], ["LIMIT", 1]]
  โณ app/models/user.rb:10
  Rendered posts/_post.html.erb (42.5ms)
  Rendered posts/index.html.erb within layouts/application (65.6ms)
Completed 200 OK in 155ms (Views: 129.9ms | ActiveRecord: 9.2ms)


Started POST "/posts/1/like" for 127.0.0.1 at 2018-11-06 19:26:43 +0900
  
AbstractController::ActionNotFound (The action 'like_toggle' could not be found for LikesController):
  
actionpack (5.2.1) lib/abstract_controller/base.rb:129:in `process'
actionview (5.2.1) lib/action_view/rendering.rb:32:in `process'
actionpack (5.2.1) lib/action_controller/metal.rb:191:in `dispatch'
actionpack (5.2.1) lib/action_controller/metal.rb:252:in `dispatch'
actionpack (5.2.1) lib/action_dispatch/routing/route_set.rb:52:in `dispatch'
actionpack (5.2.1) lib/action_dispatch/routing/route_set.rb:34:in `serve'
actionpack (5.2.1) lib/action_dispatch/journey/router.rb:52:in `block in serve'
actionpack (5.2.1) lib/action_dispatch/journey/router.rb:35:in `each'
actionpack (5.2.1) lib/action_dispatch/journey/router.rb:35:in `serve'
actionpack (5.2.1) lib/action_dispatch/routing/route_set.rb:840:in `call'
warden (1.2.7) lib/warden/manager.rb:36:in `block in call'
warden (1.2.7) lib/warden/manager.rb:35:in `catch'
warden (1.2.7) lib/warden/manager.rb:35:in `call'
rack (2.0.5) lib/rack/tempfile_reaper.rb:15:in `call'
rack (2.0.5) lib/rack/etag.rb:25:in `call'
rack (2.0.5) lib/rack/conditional_get.rb:38:in `call'
rack (2.0.5) lib/rack/head.rb:12:in `call'
actionpack (5.2.1) lib/action_dispatch/http/content_security_policy.rb:18:in `call'
rack (2.0.5) lib/rack/session/abstract/id.rb:232:in `context'
rack (2.0.5) lib/rack/session/abstract/id.rb:226:in `call'
actionpack (5.2.1) lib/action_dispatch/middleware/cookies.rb:670:in `call'
activerecord (5.2.1) lib/active_record/migration.rb:559:in `call'
actionpack (5.2.1) lib/action_dispatch/middleware/callbacks.rb:28:in `block in call'
activesupport (5.2.1) lib/active_support/callbacks.rb:98:in `run_callbacks'
actionpack (5.2.1) lib/action_dispatch/middleware/callbacks.rb:26:in `call'
actionpack (5.2.1) lib/action_dispatch/middleware/executor.rb:14:in `call'
actionpack (5.2.1) lib/action_dispatch/middleware/debug_exceptions.rb:61:in `call'
web-console (3.7.0) lib/web_console/middleware.rb:135:in `call_app'
web-console (3.7.0) lib/web_console/middleware.rb:30:in `block in call'
web-console (3.7.0) lib/web_console/middleware.rb:20:in `catch'
web-console (3.7.0) lib/web_console/middleware.rb:20:in `call'
actionpack (5.2.1) lib/action_dispatch/middleware/show_exceptions.rb:33:in `call'
railties (5.2.1) lib/rails/rack/logger.rb:38:in `call_app'
railties (5.2.1) lib/rails/rack/logger.rb:26:in `block in call'
activesupport (5.2.1) lib/active_support/tagged_logging.rb:71:in `block in tagged'
activesupport (5.2.1) lib/active_support/tagged_logging.rb:28:in `tagged'
activesupport (5.2.1) lib/active_support/tagged_logging.rb:71:in `tagged'
railties (5.2.1) lib/rails/rack/logger.rb:26:in `call'
sprockets-rails (3.2.1) lib/sprockets/rails/quiet_assets.rb:13:in `call'
actionpack (5.2.1) lib/action_dispatch/middleware/remote_ip.rb:81:in `call'
actionpack (5.2.1) lib/action_dispatch/middleware/request_id.rb:27:in `call'
rack (2.0.5) lib/rack/method_override.rb:22:in `call'
rack (2.0.5) lib/rack/runtime.rb:22:in `call'
activesupport (5.2.1) lib/active_support/cache/strategy/local_cache_middleware.rb:29:in `call'
actionpack (5.2.1) lib/action_dispatch/middleware/executor.rb:14:in `call'
actionpack (5.2.1) lib/action_dispatch/middleware/static.rb:127:in `call'
rack (2.0.5) lib/rack/sendfile.rb:111:in `call'
railties (5.2.1) lib/rails/engine.rb:524:in `call'
puma (3.12.0) lib/puma/configuration.rb:225:in `call'
puma (3.12.0) lib/puma/server.rb:658:in `handle_request'
puma (3.12.0) lib/puma/server.rb:472:in `process_client'
puma (3.12.0) lib/puma/server.rb:332:in `block in run'
puma (3.12.0) lib/puma/thread_pool.rb:133:in `block in spawn_thread'
Started POST "/posts/1/like" for 127.0.0.1 at 2018-11-06 19:27:00 +0900
Processing by LikesController#like_toggle as HTML
  Parameters: {"authenticity_token"=>"urqRiDQdX1JNwhd+zdrL/M7760rIjnbtLBnbTAirbGhu8dVtirFTJp/7mXEHx3f/SMtWZxOhev7J8lltltZFRg==", "excep"=>[:show], "post_id"=>"1"}
  [1m[36mUser Load (0.5ms)[0m  [1m[34mSELECT  "users".* FROM "users" WHERE "users"."id" = ? ORDER BY "users"."id" ASC LIMIT ?[0m  [["id", 1], ["LIMIT", 1]]
  โณ app/controllers/likes_controller.rb:3
  [1m[36mLike Load (0.5ms)[0m  [1m[34mSELECT  "likes".* FROM "likes" WHERE "likes"."user_id" = ? AND "likes"."post_id" = ? LIMIT ?[0m  [["user_id", 1], ["post_id", 1], ["LIMIT", 1]]
  โณ app/controllers/likes_controller.rb:3
  [1m[35m (0.1ms)[0m  [1m[36mbegin transaction[0m
  โณ app/controllers/likes_controller.rb:7
  [1m[36mPost Load (0.3ms)[0m  [1m[34mSELECT  "posts".* FROM "posts" WHERE "posts"."id" = ? LIMIT ?[0m  [["id", 1], ["LIMIT", 1]]
  โณ app/controllers/likes_controller.rb:7
  [1m[36mUser Load (0.2ms)[0m  [1m[34mSELECT  "users".* FROM "users" WHERE "users"."id" = ? LIMIT ?[0m  [["id", 1], ["LIMIT", 1]]
  โณ app/controllers/likes_controller.rb:7
  [1m[36mLike Create (11.3ms)[0m  [1m[32mINSERT INTO "likes" ("post_id", "user_id", "created_at", "updated_at") VALUES (?, ?, ?, ?)[0m  [["post_id", 1], ["user_id", 1], ["created_at", "2018-11-06 10:27:00.851634"], ["updated_at", "2018-11-06 10:27:00.851634"]]
  โณ app/controllers/likes_controller.rb:7
  [1m[35m (35.2ms)[0m  [1m[36mcommit transaction[0m
  โณ app/controllers/likes_controller.rb:7
No template found for LikesController#like_toggle, rendering head :no_content
Completed 204 No Content in 725ms (ActiveRecord: 53.8ms)


Started GET "/posts" for 127.0.0.1 at 2018-11-06 19:27:06 +0900
Processing by PostsController#index as HTML
  Parameters: {"excep"=>[:show]}
  Rendering posts/index.html.erb within layouts/application
  [1m[36mPost Load (0.6ms)[0m  [1m[34mSELECT "posts".* FROM "posts"[0m
  โณ app/views/posts/index.html.erb:1
  [1m[36mUser Load (0.5ms)[0m  [1m[34mSELECT  "users".* FROM "users" WHERE "users"."id" = ? LIMIT ?[0m  [["id", 1], ["LIMIT", 1]]
  โณ app/views/posts/_post.html.erb:3
  [1m[35m (6.9ms)[0m  [1m[34mSELECT COUNT(*) FROM "likes" WHERE "likes"."post_id" = ?[0m  [["post_id", 1]]
  โณ app/views/posts/_post.html.erb:8
  [1m[36mUser Load (0.7ms)[0m  [1m[34mSELECT  "users".* FROM "users" WHERE "users"."id" = ? ORDER BY "users"."id" ASC LIMIT ?[0m  [["id", 1], ["LIMIT", 1]]
  โณ app/views/posts/_post.html.erb:9
  [1m[36mLike Load (0.5ms)[0m  [1m[34mSELECT  "likes".* FROM "likes" WHERE "likes"."user_id" = ? AND "likes"."post_id" = ? LIMIT ?[0m  [["user_id", 1], ["post_id", 1], ["LIMIT", 1]]
  โณ app/models/user.rb:10
  Rendered posts/_post.html.erb (25.0ms)
  Rendered posts/index.html.erb within layouts/application (38.5ms)
Completed 200 OK in 150ms (Views: 128.1ms | ActiveRecord: 9.2ms)


Started POST "/posts/1/like" for 127.0.0.1 at 2018-11-06 19:27:09 +0900
Processing by LikesController#like_toggle as HTML
  Parameters: {"authenticity_token"=>"n6p1UmPZH3U9RA5jRi5Q+fZC4zS92Z9McoP4padtHdFL4TG33XUTAe99gGyMM+z6cHJeGWb2k1+XaHqEORA0/w==", "excep"=>[:show], "post_id"=>"1"}
  [1m[36mUser Load (1.1ms)[0m  [1m[34mSELECT  "users".* FROM "users" WHERE "users"."id" = ? ORDER BY "users"."id" ASC LIMIT ?[0m  [["id", 1], ["LIMIT", 1]]
  โณ app/controllers/likes_controller.rb:3
  [1m[36mLike Load (0.7ms)[0m  [1m[34mSELECT  "likes".* FROM "likes" WHERE "likes"."user_id" = ? AND "likes"."post_id" = ? LIMIT ?[0m  [["user_id", 1], ["post_id", 1], ["LIMIT", 1]]
  โณ app/controllers/likes_controller.rb:3
  [1m[35m (0.3ms)[0m  [1m[36mbegin transaction[0m
  โณ app/controllers/likes_controller.rb:10
  [1m[36mLike Destroy (4.4ms)[0m  [1m[31mDELETE FROM "likes" WHERE "likes"."id" = ?[0m  [["id", 1]]
  โณ app/controllers/likes_controller.rb:10
  [1m[35m (31.0ms)[0m  [1m[36mcommit transaction[0m
  โณ app/controllers/likes_controller.rb:10
No template found for LikesController#like_toggle, rendering head :no_content
Completed 204 No Content in 647ms (ActiveRecord: 37.5ms)


Started POST "/posts/1/like" for 127.0.0.1 at 2018-11-06 19:27:11 +0900
Processing by LikesController#like_toggle as HTML
  Parameters: {"authenticity_token"=>"n6p1UmPZH3U9RA5jRi5Q+fZC4zS92Z9McoP4padtHdFL4TG33XUTAe99gGyMM+z6cHJeGWb2k1+XaHqEORA0/w==", "excep"=>[:show], "post_id"=>"1"}
  [1m[36mUser Load (0.9ms)[0m  [1m[34mSELECT  "users".* FROM "users" WHERE "users"."id" = ? ORDER BY "users"."id" ASC LIMIT ?[0m  [["id", 1], ["LIMIT", 1]]
  โณ app/controllers/likes_controller.rb:3
  [1m[36mLike Load (0.6ms)[0m  [1m[34mSELECT  "likes".* FROM "likes" WHERE "likes"."user_id" = ? AND "likes"."post_id" = ? LIMIT ?[0m  [["user_id", 1], ["post_id", 1], ["LIMIT", 1]]
  โณ app/controllers/likes_controller.rb:3
  [1m[35m (0.1ms)[0m  [1m[36mbegin transaction[0m
  โณ app/controllers/likes_controller.rb:7
  [1m[36mPost Load (1.4ms)[0m  [1m[34mSELECT  "posts".* FROM "posts" WHERE "posts"."id" = ? LIMIT ?[0m  [["id", 1], ["LIMIT", 1]]
  โณ app/controllers/likes_controller.rb:7
  [1m[36mUser Load (0.2ms)[0m  [1m[34mSELECT  "users".* FROM "users" WHERE "users"."id" = ? LIMIT ?[0m  [["id", 1], ["LIMIT", 1]]
  โณ app/controllers/likes_controller.rb:7
  [1m[36mLike Create (5.6ms)[0m  [1m[32mINSERT INTO "likes" ("post_id", "user_id", "created_at", "updated_at") VALUES (?, ?, ?, ?)[0m  [["post_id", 1], ["user_id", 1], ["created_at", "2018-11-06 10:27:11.567075"], ["updated_at", "2018-11-06 10:27:11.567075"]]
  โณ app/controllers/likes_controller.rb:7
  [1m[35m (36.0ms)[0m  [1m[36mcommit transaction[0m
  โณ app/controllers/likes_controller.rb:7
No template found for LikesController#like_toggle, rendering head :no_content
Completed 204 No Content in 723ms (ActiveRecord: 44.9ms)


Started POST "/posts/1/like" for 127.0.0.1 at 2018-11-06 19:27:12 +0900
Processing by LikesController#like_toggle as HTML
  Parameters: {"authenticity_token"=>"n6p1UmPZH3U9RA5jRi5Q+fZC4zS92Z9McoP4padtHdFL4TG33XUTAe99gGyMM+z6cHJeGWb2k1+XaHqEORA0/w==", "excep"=>[:show], "post_id"=>"1"}
  [1m[36mUser Load (0.6ms)[0m  [1m[34mSELECT  "users".* FROM "users" WHERE "users"."id" = ? ORDER BY "users"."id" ASC LIMIT ?[0m  [["id", 1], ["LIMIT", 1]]
  โณ app/controllers/likes_controller.rb:3
  [1m[36mLike Load (0.6ms)[0m  [1m[34mSELECT  "likes".* FROM "likes" WHERE "likes"."user_id" = ? AND "likes"."post_id" = ? LIMIT ?[0m  [["user_id", 1], ["post_id", 1], ["LIMIT", 1]]
  โณ app/controllers/likes_controller.rb:3
  [1m[35m (0.1ms)[0m  [1m[36mbegin transaction[0m
  โณ app/controllers/likes_controller.rb:10
  [1m[36mLike Destroy (10.3ms)[0m  [1m[31mDELETE FROM "likes" WHERE "likes"."id" = ?[0m  [["id", 2]]
  โณ app/controllers/likes_controller.rb:10
  [1m[35m (29.3ms)[0m  [1m[36mcommit transaction[0m
  โณ app/controllers/likes_controller.rb:10
No template found for LikesController#like_toggle, rendering head :no_content
Completed 204 No Content in 753ms (ActiveRecord: 40.8ms)


Started GET "/posts" for 127.0.0.1 at 2018-11-06 19:29:13 +0900
Processing by PostsController#index as HTML
  Parameters: {"excep"=>[:show]}
  Rendering posts/index.html.erb within layouts/application
  [1m[36mPost Load (0.5ms)[0m  [1m[34mSELECT "posts".* FROM "posts"[0m
  โณ app/views/posts/index.html.erb:1
  [1m[36mUser Load (0.6ms)[0m  [1m[34mSELECT  "users".* FROM "users" WHERE "users"."id" = ? LIMIT ?[0m  [["id", 1], ["LIMIT", 1]]
  โณ app/views/posts/_post.html.erb:3
  [1m[35m (0.5ms)[0m  [1m[34mSELECT COUNT(*) FROM "likes" WHERE "likes"."post_id" = ?[0m  [["post_id", 1]]
  โณ app/views/posts/_post.html.erb:8
  [1m[36mUser Load (0.6ms)[0m  [1m[34mSELECT  "users".* FROM "users" WHERE "users"."id" = ? ORDER BY "users"."id" ASC LIMIT ?[0m  [["id", 1], ["LIMIT", 1]]
  โณ app/views/posts/_post.html.erb:9
  [1m[36mLike Load (0.7ms)[0m  [1m[34mSELECT  "likes".* FROM "likes" WHERE "likes"."user_id" = ? AND "likes"."post_id" = ? LIMIT ?[0m  [["user_id", 1], ["post_id", 1], ["LIMIT", 1]]
  โณ app/models/user.rb:10
  Rendered posts/_post.html.erb (40.7ms)
  Rendered posts/index.html.erb within layouts/application (60.2ms)
Completed 200 OK in 138ms (Views: 117.9ms | ActiveRecord: 8.6ms)


Started POST "/posts/1/like" for 127.0.0.1 at 2018-11-06 19:29:16 +0900
Processing by LikesController#like_toggle as HTML
  Parameters: {"authenticity_token"=>"dn6VMu6KsMU3modyEVDMCTOzCxc0sA5q5gD19jE8btWiNdHXUCa8seWjCX3bTXAKtYO2Ou+fAnkD63fXr0FH+w==", "excep"=>[:show], "post_id"=>"1"}
  [1m[36mUser Load (0.7ms)[0m  [1m[34mSELECT  "users".* FROM "users" WHERE "users"."id" = ? ORDER BY "users"."id" ASC LIMIT ?[0m  [["id", 1], ["LIMIT", 1]]
  โณ app/controllers/likes_controller.rb:3
  [1m[36mLike Load (0.5ms)[0m  [1m[34mSELECT  "likes".* FROM "likes" WHERE "likes"."user_id" = ? AND "likes"."post_id" = ? LIMIT ?[0m  [["user_id", 1], ["post_id", 1], ["LIMIT", 1]]
  โณ app/controllers/likes_controller.rb:3
  [1m[35m (0.1ms)[0m  [1m[36mbegin transaction[0m
  โณ app/controllers/likes_controller.rb:7
  [1m[36mPost Load (0.6ms)[0m  [1m[34mSELECT  "posts".* FROM "posts" WHERE "posts"."id" = ? LIMIT ?[0m  [["id", 1], ["LIMIT", 1]]
  โณ app/controllers/likes_controller.rb:7
  [1m[36mUser Load (0.2ms)[0m  [1m[34mSELECT  "users".* FROM "users" WHERE "users"."id" = ? LIMIT ?[0m  [["id", 1], ["LIMIT", 1]]
  โณ app/controllers/likes_controller.rb:7
  [1m[36mLike Create (6.9ms)[0m  [1m[32mINSERT INTO "likes" ("post_id", "user_id", "created_at", "updated_at") VALUES (?, ?, ?, ?)[0m  [["post_id", 1], ["user_id", 1], ["created_at", "2018-11-06 10:29:16.390859"], ["updated_at", "2018-11-06 10:29:16.390859"]]
  โณ app/controllers/likes_controller.rb:7
  [1m[35m (28.1ms)[0m  [1m[36mcommit transaction[0m
  โณ app/controllers/likes_controller.rb:7
Redirected to http://localhost:3000/posts
Completed 302 Found in 78ms (ActiveRecord: 38.5ms)


Started GET "/posts" for 127.0.0.1 at 2018-11-06 19:29:16 +0900
Processing by PostsController#index as HTML
  Parameters: {"excep"=>[:show]}
  Rendering posts/index.html.erb within layouts/application
  [1m[36mPost Load (0.6ms)[0m  [1m[34mSELECT "posts".* FROM "posts"[0m
  โณ app/views/posts/index.html.erb:1
  [1m[36mUser Load (0.4ms)[0m  [1m[34mSELECT  "users".* FROM "users" WHERE "users"."id" = ? LIMIT ?[0m  [["id", 1], ["LIMIT", 1]]
  โณ app/views/posts/_post.html.erb:3
  [1m[35m (0.5ms)[0m  [1m[34mSELECT COUNT(*) FROM "likes" WHERE "likes"."post_id" = ?[0m  [["post_id", 1]]
  โณ app/views/posts/_post.html.erb:8
  [1m[36mUser Load (0.9ms)[0m  [1m[34mSELECT  "users".* FROM "users" WHERE "users"."id" = ? ORDER BY "users"."id" ASC LIMIT ?[0m  [["id", 1], ["LIMIT", 1]]
  โณ app/views/posts/_post.html.erb:9
  [1m[36mLike Load (0.5ms)[0m  [1m[34mSELECT  "likes".* FROM "likes" WHERE "likes"."user_id" = ? AND "likes"."post_id" = ? LIMIT ?[0m  [["user_id", 1], ["post_id", 1], ["LIMIT", 1]]
  โณ app/models/user.rb:10
  Rendered posts/_post.html.erb (13.2ms)
  Rendered posts/index.html.erb within layouts/application (20.9ms)
Completed 200 OK in 88ms (Views: 79.2ms | ActiveRecord: 2.9ms)


Started POST "/posts/1/like" for 127.0.0.1 at 2018-11-06 19:29:17 +0900
Processing by LikesController#like_toggle as HTML
  Parameters: {"authenticity_token"=>"LmzmT+5AeNK0NR6e8MwT1yt4GhRFwwcUX6cE2YTSaG36J6KqUOx0pmYMkJE60a/UrUinOZ7sCwe6TIb4Gq9BQw==", "excep"=>[:show], "post_id"=>"1"}
  [1m[36mUser Load (0.8ms)[0m  [1m[34mSELECT  "users".* FROM "users" WHERE "users"."id" = ? ORDER BY "users"."id" ASC LIMIT ?[0m  [["id", 1], ["LIMIT", 1]]
  โณ app/controllers/likes_controller.rb:3
  [1m[36mLike Load (1.2ms)[0m  [1m[34mSELECT  "likes".* FROM "likes" WHERE "likes"."user_id" = ? AND "likes"."post_id" = ? LIMIT ?[0m  [["user_id", 1], ["post_id", 1], ["LIMIT", 1]]
  โณ app/controllers/likes_controller.rb:3
  [1m[35m (0.3ms)[0m  [1m[36mbegin transaction[0m
  โณ app/controllers/likes_controller.rb:10
  [1m[36mLike Destroy (9.8ms)[0m  [1m[31mDELETE FROM "likes" WHERE "likes"."id" = ?[0m  [["id", 3]]
  โณ app/controllers/likes_controller.rb:10
  [1m[35m (28.6ms)[0m  [1m[36mcommit transaction[0m
  โณ app/controllers/likes_controller.rb:10
Redirected to http://localhost:3000/posts
Completed 302 Found in 63ms (ActiveRecord: 40.7ms)


Started GET "/posts" for 127.0.0.1 at 2018-11-06 19:29:17 +0900
Processing by PostsController#index as HTML
  Parameters: {"excep"=>[:show]}
  Rendering posts/index.html.erb within layouts/application
  [1m[36mPost Load (0.5ms)[0m  [1m[34mSELECT "posts".* FROM "posts"[0m
  โณ app/views/posts/index.html.erb:1
  [1m[36mUser Load (0.4ms)[0m  [1m[34mSELECT  "users".* FROM "users" WHERE "users"."id" = ? LIMIT ?[0m  [["id", 1], ["LIMIT", 1]]
  โณ app/views/posts/_post.html.erb:3
  [1m[35m (0.5ms)[0m  [1m[34mSELECT COUNT(*) FROM "likes" WHERE "likes"."post_id" = ?[0m  [["post_id", 1]]
  โณ app/views/posts/_post.html.erb:8
  [1m[36mUser Load (0.7ms)[0m  [1m[34mSELECT  "users".* FROM "users" WHERE "users"."id" = ? ORDER BY "users"."id" ASC LIMIT ?[0m  [["id", 1], ["LIMIT", 1]]
  โณ app/views/posts/_post.html.erb:9
  [1m[36mLike Load (0.5ms)[0m  [1m[34mSELECT  "likes".* FROM "likes" WHERE "likes"."user_id" = ? AND "likes"."post_id" = ? LIMIT ?[0m  [["user_id", 1], ["post_id", 1], ["LIMIT", 1]]
  โณ app/models/user.rb:10
  Rendered posts/_post.html.erb (12.1ms)
  Rendered posts/index.html.erb within layouts/application (20.0ms)
Completed 200 OK in 90ms (Views: 79.9ms | ActiveRecord: 2.7ms)


Started POST "/posts/1/like" for 127.0.0.1 at 2018-11-06 19:29:18 +0900
Processing by LikesController#like_toggle as HTML
  Parameters: {"authenticity_token"=>"d6gKGHWTMpH4sUiYqRa25oKATv+KMx4P0c4hOZz0W2yj4079yz8+5SqIxpdjCwrlBLDz0lEcEhw0JaMYAolyQg==", "excep"=>[:show], "post_id"=>"1"}
  [1m[36mUser Load (0.8ms)[0m  [1m[34mSELECT  "users".* FROM "users" WHERE "users"."id" = ? ORDER BY "users"."id" ASC LIMIT ?[0m  [["id", 1], ["LIMIT", 1]]
  โณ app/controllers/likes_controller.rb:3
  [1m[36mLike Load (1.0ms)[0m  [1m[34mSELECT  "likes".* FROM "likes" WHERE "likes"."user_id" = ? AND "likes"."post_id" = ? LIMIT ?[0m  [["user_id", 1], ["post_id", 1], ["LIMIT", 1]]
  โณ app/controllers/likes_controller.rb:3
  [1m[35m (0.1ms)[0m  [1m[36mbegin transaction[0m
  โณ app/controllers/likes_controller.rb:7
  [1m[36mPost Load (0.5ms)[0m  [1m[34mSELECT  "posts".* FROM "posts" WHERE "posts"."id" = ? LIMIT ?[0m  [["id", 1], ["LIMIT", 1]]
  โณ app/controllers/likes_controller.rb:7
  [1m[36mUser Load (0.1ms)[0m  [1m[34mSELECT  "users".* FROM "users" WHERE "users"."id" = ? LIMIT ?[0m  [["id", 1], ["LIMIT", 1]]
  โณ app/controllers/likes_controller.rb:7
  [1m[36mLike Create (5.0ms)[0m  [1m[32mINSERT INTO "likes" ("post_id", "user_id", "created_at", "updated_at") VALUES (?, ?, ?, ?)[0m  [["post_id", 1], ["user_id", 1], ["created_at", "2018-11-06 10:29:18.899808"], ["updated_at", "2018-11-06 10:29:18.899808"]]
  โณ app/controllers/likes_controller.rb:7
  [1m[35m (26.5ms)[0m  [1m[36mcommit transaction[0m
  โณ app/controllers/likes_controller.rb:7
Redirected to http://localhost:3000/posts
Completed 302 Found in 60ms (ActiveRecord: 33.9ms)


Started GET "/posts" for 127.0.0.1 at 2018-11-06 19:29:18 +0900
Processing by PostsController#index as HTML
  Parameters: {"excep"=>[:show]}
  Rendering posts/index.html.erb within layouts/application
  [1m[36mPost Load (0.5ms)[0m  [1m[34mSELECT "posts".* FROM "posts"[0m
  โณ app/views/posts/index.html.erb:1
  [1m[36mUser Load (0.5ms)[0m  [1m[34mSELECT  "users".* FROM "users" WHERE "users"."id" = ? LIMIT ?[0m  [["id", 1], ["LIMIT", 1]]
  โณ app/views/posts/_post.html.erb:3
  [1m[35m (0.6ms)[0m  [1m[34mSELECT COUNT(*) FROM "likes" WHERE "likes"."post_id" = ?[0m  [["post_id", 1]]
  โณ app/views/posts/_post.html.erb:8
  [1m[36mUser Load (0.6ms)[0m  [1m[34mSELECT  "users".* FROM "users" WHERE "users"."id" = ? ORDER BY "users"."id" ASC LIMIT ?[0m  [["id", 1], ["LIMIT", 1]]
  โณ app/views/posts/_post.html.erb:9
  [1m[36mLike Load (0.5ms)[0m  [1m[34mSELECT  "likes".* FROM "likes" WHERE "likes"."user_id" = ? AND "likes"."post_id" = ? LIMIT ?[0m  [["user_id", 1], ["post_id", 1], ["LIMIT", 1]]
  โณ app/models/user.rb:10
  Rendered posts/_post.html.erb (17.7ms)
  Rendered posts/index.html.erb within layouts/application (26.3ms)
Completed 200 OK in 94ms (Views: 86.2ms | ActiveRecord: 2.7ms)


Started POST "/posts/1/like" for 127.0.0.1 at 2018-11-06 19:29:19 +0900
Processing by LikesController#like_toggle as HTML
  Parameters: {"authenticity_token"=>"CQ95jKzSab02GSGZt7SnQfswTCt7mikum7Vk7DG/+fzdRD1pEn5lyeQgr5Z9qRtCfQDxBqC1JT1+XubNr8LQ0g==", "excep"=>[:show], "post_id"=>"1"}
  [1m[36mUser Load (1.2ms)[0m  [1m[34mSELECT  "users".* FROM "users" WHERE "users"."id" = ? ORDER BY "users"."id" ASC LIMIT ?[0m  [["id", 1], ["LIMIT", 1]]
  โณ app/controllers/likes_controller.rb:3
  [1m[36mLike Load (0.7ms)[0m  [1m[34mSELECT  "likes".* FROM "likes" WHERE "likes"."user_id" = ? AND "likes"."post_id" = ? LIMIT ?[0m  [["user_id", 1], ["post_id", 1], ["LIMIT", 1]]
  โณ app/controllers/likes_controller.rb:3
  [1m[35m (0.1ms)[0m  [1m[36mbegin transaction[0m
  โณ app/controllers/likes_controller.rb:10
  [1m[36mLike Destroy (3.7ms)[0m  [1m[31mDELETE FROM "likes" WHERE "likes"."id" = ?[0m  [["id", 4]]
  โณ app/controllers/likes_controller.rb:10
  [1m[35m (27.5ms)[0m  [1m[36mcommit transaction[0m
  โณ app/controllers/likes_controller.rb:10
Redirected to http://localhost:3000/posts
Completed 302 Found in 51ms (ActiveRecord: 33.2ms)


Started GET "/posts" for 127.0.0.1 at 2018-11-06 19:29:19 +0900
Processing by PostsController#index as HTML
  Parameters: {"excep"=>[:show]}
  Rendering posts/index.html.erb within layouts/application
  [1m[36mPost Load (0.6ms)[0m  [1m[34mSELECT "posts".* FROM "posts"[0m
  โณ app/views/posts/index.html.erb:1
  [1m[36mUser Load (0.4ms)[0m  [1m[34mSELECT  "users".* FROM "users" WHERE "users"."id" = ? LIMIT ?[0m  [["id", 1], ["LIMIT", 1]]
  โณ app/views/posts/_post.html.erb:3
  [1m[35m (0.5ms)[0m  [1m[34mSELECT COUNT(*) FROM "likes" WHERE "likes"."post_id" = ?[0m  [["post_id", 1]]
  โณ app/views/posts/_post.html.erb:8
  [1m[36mUser Load (0.6ms)[0m  [1m[34mSELECT  "users".* FROM "users" WHERE "users"."id" = ? ORDER BY "users"."id" ASC LIMIT ?[0m  [["id", 1], ["LIMIT", 1]]
  โณ app/views/posts/_post.html.erb:9
  [1m[36mLike Load (0.5ms)[0m  [1m[34mSELECT  "likes".* FROM "likes" WHERE "likes"."user_id" = ? AND "likes"."post_id" = ? LIMIT ?[0m  [["user_id", 1], ["post_id", 1], ["LIMIT", 1]]
  โณ app/models/user.rb:10
  Rendered posts/_post.html.erb (14.7ms)
  Rendered posts/index.html.erb within layouts/application (23.7ms)
Completed 200 OK in 90ms (Views: 82.3ms | ActiveRecord: 2.6ms)


